Trainn acc .	Test acc .	
 7.0511e+03	 7.0692e+03	
 7.0375e+03	 7.0559e+03	
 7.0239e+03	 7.0423e+03	
 7.0099e+03	 7.0280e+03	
 6.9954e+03	 7.0128e+03	
 6.9798e+03	 6.9965e+03	
 6.9631e+03	 6.9788e+03	
 6.9450e+03	 6.9593e+03	
 6.9252e+03	 6.9379e+03	
 6.9034e+03	 6.9140e+03	
 6.8790e+03	 6.8874e+03	
 6.8518e+03	 6.8576e+03	
 6.8213e+03	 6.8238e+03	
 6.7867e+03	 6.7854e+03	
 6.7474e+03	 6.7414e+03	
 6.7023e+03	 6.6908e+03	
 6.6504e+03	 6.6322e+03	
 6.5904e+03	 6.5642e+03	
 6.5207e+03	 6.4846e+03	
 6.4392e+03	 6.3913e+03	
 6.3437e+03	 6.2816e+03	
 6.2313e+03	 6.1523e+03	
 6.0987e+03	 5.9993e+03	
 5.9418e+03	 5.8182e+03	
 5.7561e+03	 5.6039e+03	
 5.5364e+03	 5.3511e+03	
 5.2772e+03	 5.0550e+03	
 4.9736e+03	 4.7118e+03	
 4.6215e+03	 4.3206e+03	
 4.2205e+03	 3.8855e+03	
 3.7750e+03	 3.4183e+03	
 3.2973e+03	 2.9385e+03	
 2.8080e+03	 2.4724e+03	
 2.3347e+03	 2.0465e+03	
 1.9059e+03	 1.6812e+03	
 1.5426e+03	 1.3846e+03	
 1.2528e+03	 1.1533e+03	
 1.0321e+03	 9.7808e+02	
 8.6969e+02	 8.4833e+02	
 7.5309e+02	 7.5415e+02	
 6.7141e+02	 6.8701e+02	
 6.1538e+02	 6.3970e+02	
 5.7753e+02	 6.0642e+02	
 5.5209e+02	 5.8268e+02	
 5.3476e+02	 5.6535e+02	
 5.2264e+02	 5.5235e+02	
 5.1385e+02	 5.4236e+02	
 5.0720e+02	 5.3440e+02	
 5.0191e+02	 5.2791e+02	
 4.9755e+02	 5.2248e+02	
 4.9385e+02	 5.1786e+02	
 4.9063e+02	 5.1384e+02	
 4.8778e+02	 5.1028e+02	
 4.8520e+02	 5.0712e+02	
 4.8284e+02	 5.0426e+02	
 4.8066e+02	 5.0164e+02	
 4.7863e+02	 4.9923e+02	
 4.7672e+02	 4.9701e+02	
 4.7493e+02	 4.9494e+02	
 4.7322e+02	 4.9300e+02	
 4.7160e+02	 4.9115e+02	
 4.7004e+02	 4.8942e+02	
 4.6855e+02	 4.8777e+02	
 4.6712e+02	 4.8619e+02	
 4.6573e+02	 4.8466e+02	
 4.6438e+02	 4.8320e+02	
 4.6306e+02	 4.8178e+02	
 4.6177e+02	 4.8041e+02	
 4.6053e+02	 4.7908e+02	
 4.5930e+02	 4.7779e+02	
 4.5810e+02	 4.7653e+02	
 4.5692e+02	 4.7529e+02	
 4.5575e+02	 4.7409e+02	
 4.5461e+02	 4.7290e+02	
 4.5348e+02	 4.7173e+02	
 4.5236e+02	 4.7059e+02	
 4.5126e+02	 4.6948e+02	
 4.5017e+02	 4.6838e+02	
 4.4911e+02	 4.6731e+02	
 4.4806e+02	 4.6624e+02	
 4.4702e+02	 4.6520e+02	
 4.4599e+02	 4.6417e+02	
 4.4497e+02	 4.6316e+02	
 4.4397e+02	 4.6216e+02	
 4.4297e+02	 4.6118e+02	
 4.4199e+02	 4.6021e+02	
 4.4103e+02	 4.5926e+02	
 4.4007e+02	 4.5831e+02	
 4.3913e+02	 4.5737e+02	
 4.3818e+02	 4.5644e+02	
 4.3724e+02	 4.5552e+02	
 4.3632e+02	 4.5462e+02	
 4.3540e+02	 4.5372e+02	
 4.3449e+02	 4.5284e+02	
 4.3359e+02	 4.5197e+02	
 4.3270e+02	 4.5111e+02	
 4.3182e+02	 4.5026e+02	
 4.3095e+02	 4.4942e+02	
 4.3008e+02	 4.4859e+02	
 4.2923e+02	 4.4778e+02	
 4.2838e+02	 4.4697e+02	
 4.2754e+02	 4.4617e+02	
 4.2671e+02	 4.4538e+02	
 4.2589e+02	 4.4460e+02	
 4.2508e+02	 4.4383e+02	
 4.2427e+02	 4.4306e+02	
 4.2347e+02	 4.4229e+02	
 4.2267e+02	 4.4152e+02	
 4.2189e+02	 4.4076e+02	
 4.2111e+02	 4.4001e+02	
 4.2033e+02	 4.3927e+02	
 4.1956e+02	 4.3853e+02	
 4.1880e+02	 4.3780e+02	
 4.1805e+02	 4.3708e+02	
 4.1730e+02	 4.3636e+02	
 4.1655e+02	 4.3564e+02	
 4.1581e+02	 4.3493e+02	
 4.1507e+02	 4.3422e+02	
 4.1434e+02	 4.3352e+02	
 4.1362e+02	 4.3282e+02	
 4.1289e+02	 4.3213e+02	
 4.1218e+02	 4.3144e+02	
 4.1147e+02	 4.3076e+02	
 4.1076e+02	 4.3008e+02	
 4.1005e+02	 4.2941e+02	
 4.0934e+02	 4.2874e+02	
 4.0864e+02	 4.2807e+02	
 4.0794e+02	 4.2741e+02	
 4.0725e+02	 4.2674e+02	
 4.0655e+02	 4.2608e+02	
 4.0587e+02	 4.2543e+02	
 4.0518e+02	 4.2477e+02	
 4.0450e+02	 4.2413e+02	
 4.0383e+02	 4.2348e+02	
 4.0315e+02	 4.2284e+02	
 4.0248e+02	 4.2219e+02	
 4.0181e+02	 4.2155e+02	
 4.0115e+02	 4.2091e+02	
 4.0049e+02	 4.2027e+02	
 3.9984e+02	 4.1964e+02	
 3.9919e+02	 4.1900e+02	
 3.9854e+02	 4.1837e+02	
 3.9789e+02	 4.1774e+02	
 3.9725e+02	 4.1712e+02	
 3.9660e+02	 4.1649e+02	
 3.9597e+02	 4.1587e+02	
 3.9533e+02	 4.1525e+02	
 3.9470e+02	 4.1463e+02	
 3.9406e+02	 4.1402e+02	
 3.9344e+02	 4.1340e+02	
 3.9281e+02	 4.1278e+02	
 3.9219e+02	 4.1217e+02	
 3.9156e+02	 4.1156e+02	
 3.9095e+02	 4.1095e+02	
 3.9033e+02	 4.1034e+02	
 3.8971e+02	 4.0973e+02	
 3.8910e+02	 4.0913e+02	
 3.8849e+02	 4.0852e+02	
 3.8787e+02	 4.0792e+02	
 3.8726e+02	 4.0732e+02	
 3.8665e+02	 4.0672e+02	
 3.8605e+02	 4.0612e+02	
 3.8544e+02	 4.0552e+02	
 3.8484e+02	 4.0492e+02	
 3.8423e+02	 4.0433e+02	
 3.8363e+02	 4.0373e+02	
 3.8302e+02	 4.0313e+02	
 3.8242e+02	 4.0254e+02	
 3.8182e+02	 4.0195e+02	
 3.8122e+02	 4.0135e+02	
 3.8062e+02	 4.0076e+02	
 3.8003e+02	 4.0017e+02	
 3.7943e+02	 3.9958e+02	
 3.7883e+02	 3.9900e+02	
 3.7824e+02	 3.9841e+02	
 3.7765e+02	 3.9783e+02	
 3.7705e+02	 3.9724e+02	
 3.7646e+02	 3.9665e+02	
 3.7587e+02	 3.9607e+02	
 3.7528e+02	 3.9549e+02	
 3.7469e+02	 3.9491e+02	
 3.7410e+02	 3.9432e+02	
 3.7351e+02	 3.9374e+02	
 3.7292e+02	 3.9316e+02	
 3.7233e+02	 3.9257e+02	
 3.7174e+02	 3.9199e+02	
 3.7115e+02	 3.9140e+02	
 3.7056e+02	 3.9082e+02	
 3.6997e+02	 3.9024e+02	
 3.6939e+02	 3.8966e+02	
 3.6880e+02	 3.8908e+02	
 3.6821e+02	 3.8850e+02	
 3.6763e+02	 3.8792e+02	
 3.6704e+02	 3.8734e+02	
 3.6646e+02	 3.8677e+02	
 3.6587e+02	 3.8619e+02	
 3.6529e+02	 3.8561e+02	
 3.6471e+02	 3.8503e+02	
 3.6412e+02	 3.8445e+02	
 3.6354e+02	 3.8387e+02	
 3.6296e+02	 3.8329e+02	
 3.6238e+02	 3.8272e+02	
 3.6179e+02	 3.8214e+02	
 3.6121e+02	 3.8156e+02	
 3.6063e+02	 3.8098e+02	
 3.6005e+02	 3.8041e+02	
 3.5947e+02	 3.7983e+02	
 3.5889e+02	 3.7925e+02	
 3.5831e+02	 3.7867e+02	
 3.5772e+02	 3.7810e+02	
 3.5714e+02	 3.7752e+02	
 3.5656e+02	 3.7694e+02	
 3.5598e+02	 3.7637e+02	
 3.5540e+02	 3.7579e+02	
 3.5482e+02	 3.7522e+02	
 3.5424e+02	 3.7464e+02	
 3.5366e+02	 3.7407e+02	
 3.5308e+02	 3.7350e+02	
 3.5251e+02	 3.7292e+02	
 3.5193e+02	 3.7235e+02	
 3.5135e+02	 3.7178e+02	
 3.5078e+02	 3.7121e+02	
 3.5020e+02	 3.7064e+02	
 3.4963e+02	 3.7007e+02	
 3.4905e+02	 3.6950e+02	
 3.4848e+02	 3.6894e+02	
 3.4791e+02	 3.6837e+02	
 3.4733e+02	 3.6780e+02	
 3.4676e+02	 3.6724e+02	
 3.4619e+02	 3.6667e+02	
 3.4562e+02	 3.6610e+02	
 3.4505e+02	 3.6554e+02	
 3.4448e+02	 3.6497e+02	
 3.4390e+02	 3.6440e+02	
 3.4333e+02	 3.6384e+02	
 3.4276e+02	 3.6327e+02	
 3.4220e+02	 3.6270e+02	
 3.4163e+02	 3.6213e+02	
 3.4106e+02	 3.6156e+02	
 3.4049e+02	 3.6100e+02	
 3.3992e+02	 3.6043e+02	
 3.3936e+02	 3.5986e+02	
 3.3879e+02	 3.5930e+02	
 3.3823e+02	 3.5873e+02	
 3.3766e+02	 3.5816e+02	
 3.3710e+02	 3.5759e+02	
 3.3653e+02	 3.5702e+02	
 3.3597e+02	 3.5645e+02	
 3.3541e+02	 3.5588e+02	
 3.3484e+02	 3.5531e+02	
 3.3428e+02	 3.5474e+02	
 3.3372e+02	 3.5417e+02	
 3.3316e+02	 3.5360e+02	
 3.3260e+02	 3.5303e+02	
 3.3205e+02	 3.5247e+02	
 3.3149e+02	 3.5190e+02	
 3.3093e+02	 3.5133e+02	
 3.3037e+02	 3.5077e+02	
 3.2982e+02	 3.5020e+02	
 3.2926e+02	 3.4964e+02	
 3.2871e+02	 3.4907e+02	
 3.2815e+02	 3.4851e+02	
 3.2760e+02	 3.4794e+02	
 3.2704e+02	 3.4738e+02	
 3.2649e+02	 3.4681e+02	
 3.2594e+02	 3.4625e+02	
 3.2539e+02	 3.4568e+02	
 3.2484e+02	 3.4512e+02	
 3.2428e+02	 3.4455e+02	
 3.2373e+02	 3.4398e+02	
 3.2318e+02	 3.4342e+02	
 3.2263e+02	 3.4286e+02	
 3.2209e+02	 3.4230e+02	
 3.2154e+02	 3.4174e+02	
 3.2099e+02	 3.4118e+02	
 3.2044e+02	 3.4061e+02	
 3.1990e+02	 3.4005e+02	
 3.1935e+02	 3.3949e+02	
 3.1881e+02	 3.3894e+02	
 3.1826e+02	 3.3838e+02	
 3.1772e+02	 3.3782e+02	
 3.1717e+02	 3.3726e+02	
 3.1663e+02	 3.3670e+02	
 3.1609e+02	 3.3614e+02	
 3.1554e+02	 3.3558e+02	
 3.1500e+02	 3.3502e+02	
 3.1446e+02	 3.3447e+02	
 3.1392e+02	 3.3391e+02	
 3.1337e+02	 3.3335e+02	
 3.1283e+02	 3.3279e+02	
 3.1229e+02	 3.3223e+02	
 3.1174e+02	 3.3167e+02	
 3.1120e+02	 3.3111e+02	
 3.1066e+02	 3.3055e+02	
 3.1012e+02	 3.2999e+02	
 3.0957e+02	 3.2943e+02	
 3.0903e+02	 3.2887e+02	
 3.0849e+02	 3.2831e+02	
 3.0795e+02	 3.2776e+02	
 3.0741e+02	 3.2720e+02	
 3.0687e+02	 3.2664e+02	
 3.0633e+02	 3.2609e+02	
 3.0579e+02	 3.2553e+02	
 3.0525e+02	 3.2497e+02	
 3.0472e+02	 3.2442e+02	
 3.0418e+02	 3.2386e+02	
 3.0364e+02	 3.2331e+02	
 3.0311e+02	 3.2275e+02	
 3.0257e+02	 3.2220e+02	
 3.0204e+02	 3.2164e+02	
 3.0150e+02	 3.2109e+02	
 3.0096e+02	 3.2053e+02	
 3.0043e+02	 3.1997e+02	
 2.9989e+02	 3.1942e+02	
 2.9936e+02	 3.1886e+02	
 2.9883e+02	 3.1831e+02	
 2.9829e+02	 3.1776e+02	
 2.9776e+02	 3.1720e+02	
 2.9723e+02	 3.1665e+02	
 2.9670e+02	 3.1610e+02	
 2.9617e+02	 3.1555e+02	
 2.9564e+02	 3.1500e+02	
 2.9511e+02	 3.1445e+02	
 2.9458e+02	 3.1390e+02	
 2.9405e+02	 3.1335e+02	
 2.9352e+02	 3.1281e+02	
 2.9300e+02	 3.1226e+02	
 2.9247e+02	 3.1171e+02	
 2.9194e+02	 3.1116e+02	
 2.9141e+02	 3.1061e+02	
 2.9089e+02	 3.1006e+02	
 2.9036e+02	 3.0951e+02	
 2.8984e+02	 3.0897e+02	
 2.8931e+02	 3.0842e+02	
 2.8879e+02	 3.0787e+02	
 2.8827e+02	 3.0732e+02	
 2.8774e+02	 3.0677e+02	
 2.8722e+02	 3.0622e+02	
 2.8669e+02	 3.0567e+02	
 2.8617e+02	 3.0513e+02	
 2.8565e+02	 3.0458e+02	
 2.8512e+02	 3.0403e+02	
 2.8460e+02	 3.0349e+02	
 2.8408e+02	 3.0294e+02	
 2.8356e+02	 3.0240e+02	
 2.8304e+02	 3.0186e+02	
 2.8252e+02	 3.0131e+02	
 2.8200e+02	 3.0077e+02	
 2.8148e+02	 3.0023e+02	
 2.8096e+02	 2.9969e+02	
 2.8044e+02	 2.9915e+02	
 2.7992e+02	 2.9861e+02	
 2.7940e+02	 2.9807e+02	
 2.7888e+02	 2.9754e+02	
 2.7836e+02	 2.9700e+02	
 2.7784e+02	 2.9646e+02	
 2.7732e+02	 2.9593e+02	
 2.7680e+02	 2.9539e+02	
 2.7629e+02	 2.9486e+02	
 2.7577e+02	 2.9432e+02	
 2.7525e+02	 2.9379e+02	
 2.7474e+02	 2.9326e+02	
 2.7422e+02	 2.9273e+02	
 2.7370e+02	 2.9220e+02	
 2.7318e+02	 2.9167e+02	
 2.7267e+02	 2.9114e+02	
 2.7215e+02	 2.9061e+02	
 2.7164e+02	 2.9009e+02	
 2.7113e+02	 2.8956e+02	
 2.7061e+02	 2.8904e+02	
 2.7010e+02	 2.8851e+02	
 2.6959e+02	 2.8799e+02	
 2.6908e+02	 2.8747e+02	
 2.6857e+02	 2.8695e+02	
 2.6806e+02	 2.8643e+02	
 2.6756e+02	 2.8591e+02	
 2.6705e+02	 2.8539e+02	
 2.6654e+02	 2.8486e+02	
 2.6604e+02	 2.8434e+02	
 2.6554e+02	 2.8381e+02	
 2.6503e+02	 2.8329e+02	
 2.6453e+02	 2.8277e+02	
 2.6403e+02	 2.8224e+02	
 2.6353e+02	 2.8172e+02	
 2.6303e+02	 2.8119e+02	
 2.6253e+02	 2.8067e+02	
 2.6203e+02	 2.8014e+02	
 2.6153e+02	 2.7962e+02	
 2.6104e+02	 2.7910e+02	
 2.6054e+02	 2.7858e+02	
 2.6005e+02	 2.7806e+02	
 2.5956e+02	 2.7753e+02	
 2.5906e+02	 2.7701e+02	
 2.5857e+02	 2.7649e+02	
 2.5808e+02	 2.7598e+02	
 2.5759e+02	 2.7546e+02	
 2.5710e+02	 2.7494e+02	
 2.5661e+02	 2.7442e+02	
 2.5612e+02	 2.7391e+02	
 2.5564e+02	 2.7339e+02	
 2.5515e+02	 2.7288e+02	
 2.5466e+02	 2.7237e+02	
 2.5418e+02	 2.7186e+02	
 2.5370e+02	 2.7136e+02	
 2.5322e+02	 2.7085e+02	
 2.5273e+02	 2.7035e+02	
 2.5225e+02	 2.6984e+02	
 2.5177e+02	 2.6934e+02	
 2.5129e+02	 2.6883e+02	
 2.5082e+02	 2.6833e+02	
 2.5034e+02	 2.6783e+02	
 2.4986e+02	 2.6733e+02	
 2.4939e+02	 2.6684e+02	
 2.4891e+02	 2.6634e+02	
 2.4844e+02	 2.6584e+02	
 2.4797e+02	 2.6535e+02	
 2.4750e+02	 2.6485e+02	
 2.4703e+02	 2.6436e+02	
 2.4656e+02	 2.6387e+02	
 2.4610e+02	 2.6338e+02	
 2.4563e+02	 2.6289e+02	
 2.4517e+02	 2.6240e+02	
 2.4470e+02	 2.6191e+02	
 2.4424e+02	 2.6142e+02	
 2.4378e+02	 2.6093e+02	
 2.4332e+02	 2.6045e+02	
 2.4286e+02	 2.5996e+02	
 2.4240e+02	 2.5948e+02	
 2.4195e+02	 2.5899e+02	
 2.4149e+02	 2.5851e+02	
 2.4104e+02	 2.5803e+02	
 2.4058e+02	 2.5754e+02	
 2.4013e+02	 2.5706e+02	
 2.3968e+02	 2.5658e+02	
 2.3923e+02	 2.5610e+02	
 2.3878e+02	 2.5562e+02	
 2.3834e+02	 2.5515e+02	
 2.3789e+02	 2.5467e+02	
 2.3745e+02	 2.5420e+02	
 2.3700e+02	 2.5372e+02	
 2.3656e+02	 2.5325e+02	
 2.3612e+02	 2.5278e+02	
 2.3568e+02	 2.5231e+02	
 2.3524e+02	 2.5184e+02	
 2.3480e+02	 2.5137e+02	
 2.3436e+02	 2.5091e+02	
 2.3392e+02	 2.5044e+02	
 2.3349e+02	 2.4998e+02	
 2.3305e+02	 2.4951e+02	
 2.3262e+02	 2.4905e+02	
 2.3219e+02	 2.4858e+02	
 2.3175e+02	 2.4812e+02	
 2.3132e+02	 2.4766e+02	
 2.3089e+02	 2.4720e+02	
 2.3046e+02	 2.4674e+02	
 2.3003e+02	 2.4627e+02	
 2.2960e+02	 2.4581e+02	
 2.2917e+02	 2.4535e+02	
 2.2874e+02	 2.4489e+02	
 2.2831e+02	 2.4444e+02	
 2.2789e+02	 2.4398e+02	
 2.2746e+02	 2.4353e+02	
 2.2704e+02	 2.4307e+02	
 2.2662e+02	 2.4262e+02	
 2.2620e+02	 2.4217e+02	
 2.2578e+02	 2.4172e+02	
 2.2536e+02	 2.4126e+02	
 2.2494e+02	 2.4081e+02	
 2.2452e+02	 2.4036e+02	
 2.2410e+02	 2.3992e+02	
 2.2369e+02	 2.3947e+02	
 2.2327e+02	 2.3902e+02	
 2.2286e+02	 2.3858e+02	
 2.2244e+02	 2.3813e+02	
 2.2203e+02	 2.3769e+02	
 2.2162e+02	 2.3725e+02	
 2.2120e+02	 2.3681e+02	
 2.2079e+02	 2.3637e+02	
 2.2038e+02	 2.3593e+02	
 2.1997e+02	 2.3549e+02	
 2.1956e+02	 2.3505e+02	
 2.1916e+02	 2.3461e+02	
 2.1875e+02	 2.3417e+02	
 2.1835e+02	 2.3374e+02	
 2.1794e+02	 2.3330e+02	
 2.1754e+02	 2.3287e+02	
 2.1714e+02	 2.3243e+02	
 2.1674e+02	 2.3200e+02	
 2.1634e+02	 2.3158e+02	
 2.1594e+02	 2.3115e+02	
 2.1555e+02	 2.3072e+02	
 2.1515e+02	 2.3029e+02	
 2.1476e+02	 2.2987e+02	
 2.1436e+02	 2.2945e+02	
 2.1397e+02	 2.2903e+02	
 2.1358e+02	 2.2861e+02	
 2.1319e+02	 2.2819e+02	
 2.1280e+02	 2.2777e+02	
 2.1241e+02	 2.2736e+02	
 2.1202e+02	 2.2694e+02	
 2.1163e+02	 2.2653e+02	
 2.1125e+02	 2.2611e+02	
 2.1086e+02	 2.2570e+02	
 2.1047e+02	 2.2529e+02	
 2.1009e+02	 2.2489e+02	
 2.0971e+02	 2.2448e+02	
 2.0933e+02	 2.2408e+02	
 2.0895e+02	 2.2367e+02	
 2.0857e+02	 2.2327e+02	
 2.0819e+02	 2.2287e+02	
 2.0781e+02	 2.2247e+02	
 2.0744e+02	 2.2206e+02	
 2.0706e+02	 2.2167e+02	
 2.0669e+02	 2.2127e+02	
 2.0632e+02	 2.2087e+02	
 2.0594e+02	 2.2048e+02	
 2.0557e+02	 2.2009e+02	
 2.0520e+02	 2.1969e+02	
 2.0483e+02	 2.1930e+02	
 2.0446e+02	 2.1891e+02	
 2.0410e+02	 2.1852e+02	
 2.0373e+02	 2.1813e+02	
 2.0336e+02	 2.1774e+02	
 2.0300e+02	 2.1736e+02	
 2.0263e+02	 2.1698e+02	
 2.0227e+02	 2.1660e+02	
 2.0191e+02	 2.1621e+02	
 2.0155e+02	 2.1582e+02	
 2.0119e+02	 2.1543e+02	
 2.0083e+02	 2.1505e+02	
 2.0047e+02	 2.1467e+02	
 2.0011e+02	 2.1428e+02	
 1.9975e+02	 2.1390e+02	
 1.9939e+02	 2.1352e+02	
 1.9904e+02	 2.1314e+02	
 1.9868e+02	 2.1276e+02	
 1.9833e+02	 2.1238e+02	
 1.9798e+02	 2.1200e+02	
 1.9762e+02	 2.1163e+02	
 1.9727e+02	 2.1125e+02	
 1.9692e+02	 2.1087e+02	
 1.9657e+02	 2.1050e+02	
 1.9621e+02	 2.1013e+02	
 1.9586e+02	 2.0975e+02	
 1.9551e+02	 2.0938e+02	
 1.9516e+02	 2.0900e+02	
 1.9481e+02	 2.0863e+02	
 1.9446e+02	 2.0826e+02	
 1.9411e+02	 2.0789e+02	
 1.9376e+02	 2.0752e+02	
 1.9341e+02	 2.0715e+02	
 1.9306e+02	 2.0678e+02	
 1.9271e+02	 2.0641e+02	
 1.9237e+02	 2.0604e+02	
 1.9202e+02	 2.0567e+02	
 1.9167e+02	 2.0531e+02	
 1.9133e+02	 2.0494e+02	
 1.9099e+02	 2.0458e+02	
 1.9064e+02	 2.0421e+02	
 1.9030e+02	 2.0384e+02	
 1.8996e+02	 2.0348e+02	
 1.8962e+02	 2.0311e+02	
 1.8929e+02	 2.0275e+02	
 1.8895e+02	 2.0239e+02	
 1.8861e+02	 2.0203e+02	
 1.8828e+02	 2.0167e+02	
 1.8794e+02	 2.0131e+02	
 1.8761e+02	 2.0095e+02	
 1.8727e+02	 2.0059e+02	
 1.8694e+02	 2.0023e+02	
 1.8660e+02	 1.9987e+02	
 1.8627e+02	 1.9951e+02	
 1.8594e+02	 1.9916e+02	
 1.8561e+02	 1.9880e+02	
 1.8528e+02	 1.9845e+02	
 1.8494e+02	 1.9810e+02	
 1.8461e+02	 1.9775e+02	
 1.8429e+02	 1.9740e+02	
 1.8396e+02	 1.9704e+02	
 1.8363e+02	 1.9670e+02	
 1.8330e+02	 1.9635e+02	
 1.8297e+02	 1.9601e+02	
 1.8265e+02	 1.9566e+02	
 1.8232e+02	 1.9531e+02	
 1.8199e+02	 1.9497e+02	
 1.8166e+02	 1.9462e+02	
 1.8134e+02	 1.9428e+02	
 1.8101e+02	 1.9394e+02	
 1.8069e+02	 1.9359e+02	
 1.8036e+02	 1.9325e+02	
 1.8004e+02	 1.9291e+02	
 1.7972e+02	 1.9257e+02	
 1.7940e+02	 1.9223e+02	
 1.7908e+02	 1.9190e+02	
 1.7876e+02	 1.9156e+02	
 1.7844e+02	 1.9122e+02	
 1.7812e+02	 1.9088e+02	
 1.7781e+02	 1.9055e+02	
 1.7749e+02	 1.9022e+02	
 1.7717e+02	 1.8988e+02	
 1.7686e+02	 1.8956e+02	
 1.7655e+02	 1.8923e+02	
 1.7623e+02	 1.8891e+02	
 1.7592e+02	 1.8858e+02	
 1.7561e+02	 1.8825e+02	
 1.7530e+02	 1.8792e+02	
 1.7499e+02	 1.8760e+02	
 1.7468e+02	 1.8727e+02	
 1.7437e+02	 1.8694e+02	
 1.7407e+02	 1.8662e+02	
 1.7376e+02	 1.8629e+02	
 1.7346e+02	 1.8597e+02	
 1.7315e+02	 1.8564e+02	
 1.7285e+02	 1.8532e+02	
 1.7254e+02	 1.8499e+02	
 1.7224e+02	 1.8467e+02	
 1.7194e+02	 1.8435e+02	
 1.7164e+02	 1.8403e+02	
 1.7134e+02	 1.8371e+02	
 1.7105e+02	 1.8339e+02	
 1.7075e+02	 1.8307e+02	
 1.7045e+02	 1.8275e+02	
 1.7016e+02	 1.8243e+02	
 1.6986e+02	 1.8211e+02	
 1.6957e+02	 1.8179e+02	
 1.6927e+02	 1.8147e+02	
 1.6898e+02	 1.8115e+02	
 1.6869e+02	 1.8084e+02	
 1.6840e+02	 1.8052e+02	
 1.6811e+02	 1.8021e+02	
 1.6781e+02	 1.7989e+02	
 1.6752e+02	 1.7958e+02	
 1.6723e+02	 1.7926e+02	
 1.6694e+02	 1.7895e+02	
 1.6666e+02	 1.7864e+02	
 1.6637e+02	 1.7833e+02	
 1.6608e+02	 1.7802e+02	
 1.6579e+02	 1.7771e+02	
 1.6551e+02	 1.7741e+02	
 1.6522e+02	 1.7710e+02	
 1.6494e+02	 1.7680e+02	
 1.6465e+02	 1.7649e+02	
 1.6437e+02	 1.7619e+02	
 1.6408e+02	 1.7589e+02	
 1.6380e+02	 1.7559e+02	
 1.6352e+02	 1.7528e+02	
 1.6323e+02	 1.7498e+02	
 1.6295e+02	 1.7467e+02	
 1.6267e+02	 1.7438e+02	
 1.6239e+02	 1.7408e+02	
 1.6211e+02	 1.7379e+02	
 1.6183e+02	 1.7349e+02	
 1.6155e+02	 1.7320e+02	
 1.6127e+02	 1.7290e+02	
 1.6100e+02	 1.7261e+02	
 1.6072e+02	 1.7231e+02	
 1.6044e+02	 1.7202e+02	
 1.6017e+02	 1.7173e+02	
 1.5989e+02	 1.7143e+02	
 1.5962e+02	 1.7114e+02	
 1.5935e+02	 1.7085e+02	
 1.5907e+02	 1.7057e+02	
 1.5880e+02	 1.7029e+02	
 1.5853e+02	 1.7000e+02	
 1.5826e+02	 1.6972e+02	
 1.5799e+02	 1.6944e+02	
 1.5772e+02	 1.6915e+02	
 1.5745e+02	 1.6887e+02	
 1.5718e+02	 1.6859e+02	
 1.5692e+02	 1.6832e+02	
 1.5665e+02	 1.6804e+02	
 1.5639e+02	 1.6776e+02	
 1.5612e+02	 1.6748e+02	
 1.5586e+02	 1.6720e+02	
 1.5559e+02	 1.6693e+02	
 1.5533e+02	 1.6665e+02	
 1.5507e+02	 1.6638e+02	
 1.5481e+02	 1.6610e+02	
 1.5454e+02	 1.6583e+02	
 1.5428e+02	 1.6555e+02	
 1.5402e+02	 1.6528e+02	
 1.5376e+02	 1.6501e+02	
 1.5350e+02	 1.6473e+02	
 1.5325e+02	 1.6446e+02	
 1.5299e+02	 1.6418e+02	
 1.5273e+02	 1.6391e+02	
 1.5247e+02	 1.6363e+02	
 1.5222e+02	 1.6336e+02	
 1.5196e+02	 1.6308e+02	
 1.5170e+02	 1.6281e+02	
 1.5145e+02	 1.6254e+02	
 1.5119e+02	 1.6227e+02	
 1.5093e+02	 1.6200e+02	
 1.5068e+02	 1.6173e+02	
 1.5042e+02	 1.6147e+02	
 1.5017e+02	 1.6120e+02	
 1.4991e+02	 1.6093e+02	
 1.4966e+02	 1.6067e+02	
 1.4941e+02	 1.6041e+02	
 1.4916e+02	 1.6014e+02	
 1.4891e+02	 1.5988e+02	
 1.4865e+02	 1.5962e+02	
 1.4840e+02	 1.5935e+02	
 1.4815e+02	 1.5909e+02	
 1.4790e+02	 1.5883e+02	
 1.4765e+02	 1.5856e+02	
 1.4740e+02	 1.5831e+02	
 1.4715e+02	 1.5805e+02	
 1.4690e+02	 1.5779e+02	
 1.4665e+02	 1.5753e+02	
 1.4641e+02	 1.5727e+02	
 1.4616e+02	 1.5701e+02	
 1.4591e+02	 1.5675e+02	
 1.4567e+02	 1.5650e+02	
 1.4542e+02	 1.5624e+02	
 1.4518e+02	 1.5599e+02	
 1.4493e+02	 1.5574e+02	
 1.4468e+02	 1.5548e+02	
 1.4444e+02	 1.5523e+02	
 1.4420e+02	 1.5498e+02	
 1.4395e+02	 1.5473e+02	
 1.4371e+02	 1.5448e+02	
 1.4347e+02	 1.5423e+02	
 1.4323e+02	 1.5398e+02	
 1.4299e+02	 1.5373e+02	
 1.4275e+02	 1.5348e+02	
 1.4251e+02	 1.5323e+02	
 1.4227e+02	 1.5299e+02	
 1.4203e+02	 1.5275e+02	
 1.4180e+02	 1.5250e+02	
 1.4156e+02	 1.5226e+02	
 1.4132e+02	 1.5202e+02	
 1.4109e+02	 1.5177e+02	
 1.4085e+02	 1.5152e+02	
 1.4061e+02	 1.5128e+02	
 1.4038e+02	 1.5103e+02	
 1.4014e+02	 1.5078e+02	
 1.3991e+02	 1.5053e+02	
 1.3967e+02	 1.5029e+02	
 1.3944e+02	 1.5004e+02	
 1.3920e+02	 1.4979e+02	
 1.3897e+02	 1.4955e+02	
 1.3874e+02	 1.4930e+02	
 1.3850e+02	 1.4905e+02	
 1.3827e+02	 1.4881e+02	
 1.3804e+02	 1.4856e+02	
 1.3781e+02	 1.4832e+02	
 1.3758e+02	 1.4808e+02	
 1.3735e+02	 1.4784e+02	
 1.3713e+02	 1.4760e+02	
 1.3690e+02	 1.4735e+02	
 1.3667e+02	 1.4711e+02	
 1.3644e+02	 1.4688e+02	
 1.3622e+02	 1.4663e+02	
 1.3599e+02	 1.4639e+02	
 1.3576e+02	 1.4616e+02	
 1.3554e+02	 1.4591e+02	
 1.3531e+02	 1.4568e+02	
 1.3509e+02	 1.4544e+02	
 1.3486e+02	 1.4521e+02	
 1.3464e+02	 1.4497e+02	
 1.3441e+02	 1.4474e+02	
 1.3419e+02	 1.4451e+02	
 1.3397e+02	 1.4428e+02	
 1.3375e+02	 1.4405e+02	
 1.3353e+02	 1.4381e+02	
 1.3331e+02	 1.4358e+02	
 1.3309e+02	 1.4335e+02	
 1.3287e+02	 1.4312e+02	
 1.3265e+02	 1.4289e+02	
 1.3243e+02	 1.4267e+02	
 1.3222e+02	 1.4244e+02	
 1.3200e+02	 1.4221e+02	
 1.3178e+02	 1.4198e+02	
 1.3156e+02	 1.4175e+02	
 1.3135e+02	 1.4153e+02	
 1.3113e+02	 1.4130e+02	
 1.3092e+02	 1.4108e+02	
 1.3070e+02	 1.4086e+02	
 1.3049e+02	 1.4063e+02	
 1.3028e+02	 1.4041e+02	
 1.3006e+02	 1.4019e+02	
 1.2985e+02	 1.3996e+02	
 1.2964e+02	 1.3975e+02	
 1.2943e+02	 1.3953e+02	
 1.2922e+02	 1.3931e+02	
 1.2901e+02	 1.3909e+02	
 1.2880e+02	 1.3888e+02	
 1.2859e+02	 1.3865e+02	
 1.2839e+02	 1.3844e+02	
 1.2818e+02	 1.3823e+02	
 1.2797e+02	 1.3801e+02	
 1.2777e+02	 1.3780e+02	
 1.2756e+02	 1.3759e+02	
 1.2736e+02	 1.3737e+02	
 1.2716e+02	 1.3716e+02	
 1.2695e+02	 1.3695e+02	
 1.2675e+02	 1.3674e+02	
 1.2655e+02	 1.3652e+02	
 1.2635e+02	 1.3631e+02	
 1.2614e+02	 1.3610e+02	
 1.2594e+02	 1.3590e+02	
 1.2574e+02	 1.3568e+02	
 1.2554e+02	 1.3548e+02	
 1.2534e+02	 1.3526e+02	
 1.2515e+02	 1.3506e+02	
 1.2495e+02	 1.3486e+02	
 1.2475e+02	 1.3465e+02	
 1.2455e+02	 1.3444e+02	
 1.2435e+02	 1.3424e+02	
 1.2416e+02	 1.3403e+02	
 1.2396e+02	 1.3383e+02	
 1.2376e+02	 1.3363e+02	
 1.2357e+02	 1.3343e+02	
 1.2338e+02	 1.3323e+02	
 1.2318e+02	 1.3303e+02	
 1.2299e+02	 1.3283e+02	
 1.2279e+02	 1.3263e+02	
 1.2260e+02	 1.3244e+02	
 1.2241e+02	 1.3224e+02	
 1.2222e+02	 1.3204e+02	
 1.2203e+02	 1.3185e+02	
 1.2184e+02	 1.3165e+02	
 1.2164e+02	 1.3145e+02	
 1.2145e+02	 1.3124e+02	
 1.2126e+02	 1.3105e+02	
 1.2107e+02	 1.3085e+02	
 1.2088e+02	 1.3066e+02	
 1.2070e+02	 1.3046e+02	
 1.2051e+02	 1.3026e+02	
 1.2032e+02	 1.3007e+02	
 1.2013e+02	 1.2987e+02	
 1.1994e+02	 1.2968e+02	
 1.1976e+02	 1.2948e+02	
 1.1957e+02	 1.2929e+02	
 1.1939e+02	 1.2908e+02	
 1.1920e+02	 1.2889e+02	
 1.1901e+02	 1.2870e+02	
 1.1883e+02	 1.2851e+02	
 1.1864e+02	 1.2832e+02	
 1.1846e+02	 1.2813e+02	
 1.1828e+02	 1.2794e+02	
 1.1809e+02	 1.2775e+02	
 1.1791e+02	 1.2755e+02	
 1.1773e+02	 1.2736e+02	
 1.1755e+02	 1.2717e+02	
 1.1737e+02	 1.2698e+02	
 1.1718e+02	 1.2679e+02	
 1.1700e+02	 1.2660e+02	
 1.1682e+02	 1.2641e+02	
 1.1664e+02	 1.2622e+02	
 1.1647e+02	 1.2603e+02	
 1.1629e+02	 1.2584e+02	
 1.1611e+02	 1.2565e+02	
 1.1593e+02	 1.2546e+02	
 1.1575e+02	 1.2528e+02	
 1.1558e+02	 1.2509e+02	
 1.1540e+02	 1.2491e+02	
 1.1523e+02	 1.2472e+02	
 1.1505e+02	 1.2454e+02	
 1.1488e+02	 1.2435e+02	
 1.1471e+02	 1.2416e+02	
 1.1453e+02	 1.2398e+02	
 1.1436e+02	 1.2379e+02	
 1.1419e+02	 1.2361e+02	
 1.1402e+02	 1.2343e+02	
 1.1385e+02	 1.2324e+02	
 1.1368e+02	 1.2306e+02	
 1.1351e+02	 1.2288e+02	
 1.1334e+02	 1.2270e+02	
 1.1317e+02	 1.2252e+02	
 1.1300e+02	 1.2234e+02	
 1.1283e+02	 1.2216e+02	
 1.1266e+02	 1.2198e+02	
 1.1249e+02	 1.2180e+02	
 1.1232e+02	 1.2162e+02	
 1.1216e+02	 1.2144e+02	
 1.1199e+02	 1.2126e+02	
 1.1182e+02	 1.2108e+02	
 1.1166e+02	 1.2090e+02	
 1.1149e+02	 1.2073e+02	
 1.1133e+02	 1.2055e+02	
 1.1116e+02	 1.2038e+02	
 1.1100e+02	 1.2021e+02	
 1.1083e+02	 1.2004e+02	
 1.1067e+02	 1.1986e+02	
 1.1051e+02	 1.1970e+02	
 1.1034e+02	 1.1953e+02	
 1.1018e+02	 1.1937e+02	
 1.1002e+02	 1.1920e+02	
 1.0986e+02	 1.1903e+02	
 1.0970e+02	 1.1886e+02	
 1.0954e+02	 1.1869e+02	
 1.0938e+02	 1.1853e+02	
 1.0922e+02	 1.1836e+02	
 1.0906e+02	 1.1819e+02	
 1.0890e+02	 1.1803e+02	
 1.0874e+02	 1.1786e+02	
 1.0859e+02	 1.1769e+02	
 1.0843e+02	 1.1753e+02	
 1.0827e+02	 1.1737e+02	
 1.0812e+02	 1.1720e+02	
 1.0796e+02	 1.1704e+02	
 1.0780e+02	 1.1688e+02	
 1.0765e+02	 1.1671e+02	
 1.0749e+02	 1.1655e+02	
 1.0734e+02	 1.1639e+02	
 1.0719e+02	 1.1623e+02	
 1.0703e+02	 1.1607e+02	
 1.0688e+02	 1.1591e+02	
 1.0673e+02	 1.1575e+02	
 1.0657e+02	 1.1559e+02	
 1.0642e+02	 1.1543e+02	
 1.0627e+02	 1.1527e+02	
 1.0612e+02	 1.1511e+02	
 1.0596e+02	 1.1495e+02	
 1.0581e+02	 1.1480e+02	
 1.0566e+02	 1.1464e+02	
 1.0551e+02	 1.1448e+02	
 1.0536e+02	 1.1433e+02	
 1.0521e+02	 1.1417e+02	
 1.0506e+02	 1.1402e+02	
 1.0491e+02	 1.1386e+02	
 1.0476e+02	 1.1371e+02	
 1.0461e+02	 1.1356e+02	
 1.0446e+02	 1.1341e+02	
 1.0432e+02	 1.1326e+02	
 1.0417e+02	 1.1310e+02	
 1.0402e+02	 1.1295e+02	
 1.0387e+02	 1.1280e+02	
 1.0373e+02	 1.1265e+02	
 1.0358e+02	 1.1250e+02	
 1.0343e+02	 1.1235e+02	
 1.0328e+02	 1.1220e+02	
 1.0314e+02	 1.1205e+02	
 1.0299e+02	 1.1190e+02	
 1.0284e+02	 1.1175e+02	
 1.0270e+02	 1.1160e+02	
 1.0255e+02	 1.1145e+02	
 1.0241e+02	 1.1130e+02	
 1.0227e+02	 1.1115e+02	
 1.0212e+02	 1.1100e+02	
 1.0198e+02	 1.1085e+02	
 1.0183e+02	 1.1070e+02	
 1.0169e+02	 1.1056e+02	
 1.0155e+02	 1.1042e+02	
 1.0140e+02	 1.1027e+02	
 1.0126e+02	 1.1013e+02	
 1.0112e+02	 1.0998e+02	
 1.0098e+02	 1.0984e+02	
 1.0084e+02	 1.0970e+02	
 1.0070e+02	 1.0955e+02	
 1.0056e+02	 1.0940e+02	
 1.0042e+02	 1.0926e+02	
 1.0028e+02	 1.0912e+02	
 1.0014e+02	 1.0897e+02	
 1.0000e+02	 1.0883e+02	
 9.9862e+01	 1.0869e+02	
 9.9723e+01	 1.0855e+02	
 9.9585e+01	 1.0841e+02	
 9.9448e+01	 1.0826e+02	
 9.9311e+01	 1.0813e+02	
 9.9175e+01	 1.0799e+02	
 9.9038e+01	 1.0785e+02	
 9.8902e+01	 1.0771e+02	
 9.8767e+01	 1.0757e+02	
 9.8631e+01	 1.0742e+02	
 9.8495e+01	 1.0729e+02	
 9.8360e+01	 1.0715e+02	
 9.8224e+01	 1.0701e+02	
 9.8090e+01	 1.0687e+02	
 9.7955e+01	 1.0671e+02	
 9.7820e+01	 1.0657e+02	
 9.7685e+01	 1.0643e+02	
 9.7550e+01	 1.0630e+02	
 9.7416e+01	 1.0615e+02	
 9.7281e+01	 1.0601e+02	
 9.7147e+01	 1.0587e+02	
 9.7013e+01	 1.0573e+02	
 9.6879e+01	 1.0559e+02	
 9.6746e+01	 1.0545e+02	
 9.6612e+01	 1.0530e+02	
 9.6478e+01	 1.0516e+02	
 9.6344e+01	 1.0502e+02	
 9.6211e+01	 1.0488e+02	
 9.6077e+01	 1.0473e+02	
 9.5945e+01	 1.0459e+02	
 9.5812e+01	 1.0445e+02	
 9.5679e+01	 1.0431e+02	
 9.5547e+01	 1.0417e+02	
 9.5414e+01	 1.0402e+02	
 9.5283e+01	 1.0388e+02	
 9.5151e+01	 1.0375e+02	
 9.5020e+01	 1.0360e+02	
 9.4890e+01	 1.0346e+02	
 9.4759e+01	 1.0333e+02	
 9.4630e+01	 1.0319e+02	
 9.4501e+01	 1.0306e+02	
 9.4372e+01	 1.0292e+02	
 9.4244e+01	 1.0278e+02	
 9.4116e+01	 1.0265e+02	
 9.3988e+01	 1.0251e+02	
 9.3861e+01	 1.0238e+02	
 9.3734e+01	 1.0224e+02	
 9.3608e+01	 1.0211e+02	
 9.3483e+01	 1.0197e+02	
 9.3357e+01	 1.0184e+02	
 9.3233e+01	 1.0171e+02	
 9.3108e+01	 1.0157e+02	
 9.2983e+01	 1.0144e+02	
 9.2859e+01	 1.0131e+02	
 9.2736e+01	 1.0118e+02	
 9.2612e+01	 1.0105e+02	
 9.2489e+01	 1.0092e+02	
 9.2366e+01	 1.0078e+02	
 9.2243e+01	 1.0066e+02	
 9.2121e+01	 1.0053e+02	
 9.1999e+01	 1.0041e+02	
 9.1878e+01	 1.0027e+02	
 9.1757e+01	 1.0014e+02	
 9.1636e+01	 1.0002e+02	
 9.1515e+01	 9.9885e+01	
 9.1394e+01	 9.9755e+01	
 9.1272e+01	 9.9626e+01	
 9.1151e+01	 9.9496e+01	
 9.1030e+01	 9.9365e+01	
 9.0909e+01	 9.9239e+01	
 9.0788e+01	 9.9112e+01	
 9.0667e+01	 9.8986e+01	
 9.0547e+01	 9.8861e+01	
 9.0426e+01	 9.8737e+01	
 9.0306e+01	 9.8612e+01	
 9.0186e+01	 9.8485e+01	
 9.0067e+01	 9.8358e+01	
 8.9947e+01	 9.8231e+01	
 8.9828e+01	 9.8105e+01	
 8.9708e+01	 9.7978e+01	
 8.9589e+01	 9.7853e+01	
 8.9469e+01	 9.7730e+01	
 8.9350e+01	 9.7607e+01	
 8.9232e+01	 9.7484e+01	
 8.9113e+01	 9.7361e+01	
 8.8995e+01	 9.7238e+01	
 8.8877e+01	 9.7116e+01	
 8.8759e+01	 9.6993e+01	
 8.8641e+01	 9.6870e+01	
 8.8523e+01	 9.6747e+01	
 8.8404e+01	 9.6615e+01	
 8.8286e+01	 9.6498e+01	
 8.8167e+01	 9.6380e+01	
 8.8049e+01	 9.6253e+01	
 8.7931e+01	 9.6140e+01	
 8.7813e+01	 9.6014e+01	
 8.7695e+01	 9.5893e+01	
 8.7578e+01	 9.5783e+01	
 8.7461e+01	 9.5659e+01	
 8.7345e+01	 9.5540e+01	
 8.7229e+01	 9.5432e+01	
 8.7113e+01	 9.5309e+01	
 8.6997e+01	 9.5191e+01	
 8.6882e+01	 9.5074e+01	
 8.6767e+01	 9.4967e+01	
 8.6652e+01	 9.4844e+01	
 8.6538e+01	 9.4729e+01	
 8.6424e+01	 9.4614e+01	
 8.6311e+01	 9.4498e+01	
 8.6197e+01	 9.4384e+01	
 8.6084e+01	 9.4277e+01	
 8.5972e+01	 9.4159e+01	
 8.5860e+01	 9.4042e+01	
 8.5748e+01	 9.3929e+01	
 8.5636e+01	 9.3825e+01	
 8.5525e+01	 9.3703e+01	
 8.5413e+01	 9.3598e+01	
 8.5303e+01	 9.3480e+01	
 8.5192e+01	 9.3375e+01	
 8.5081e+01	 9.3257e+01	
 8.4971e+01	 9.3152e+01	
 8.4861e+01	 9.3033e+01	
 8.4751e+01	 9.2931e+01	
 8.4641e+01	 9.2823e+01	
 8.4531e+01	 9.2714e+01	
 8.4421e+01	 9.2596e+01	
 8.4312e+01	 9.2495e+01	
 8.4203e+01	 9.2382e+01	
 8.4094e+01	 9.2274e+01	
 8.3986e+01	 9.2165e+01	
 8.3878e+01	 9.2058e+01	
 8.3771e+01	 9.1950e+01	
 8.3664e+01	 9.1840e+01	
 8.3557e+01	 9.1734e+01	
 8.3450e+01	 9.1633e+01	
 8.3343e+01	 9.1529e+01	
 8.3237e+01	 9.1428e+01	
 8.3131e+01	 9.1328e+01	
 8.3025e+01	 9.1225e+01	
 8.2919e+01	 9.1122e+01	
 8.2813e+01	 9.1020e+01	
 8.2708e+01	 9.0918e+01	
 8.2603e+01	 9.0817e+01	
 8.2498e+01	 9.0706e+01	
 8.2394e+01	 9.0613e+01	
 8.2290e+01	 9.0503e+01	
 8.2186e+01	 9.0410e+01	
 8.2082e+01	 9.0300e+01	
 8.1979e+01	 9.0207e+01	
 8.1876e+01	 9.0098e+01	
 8.1773e+01	 9.0005e+01	
 8.1669e+01	 8.9897e+01	
 8.1567e+01	 8.9805e+01	
 8.1464e+01	 8.9697e+01	
 8.1362e+01	 8.9595e+01	
 8.1260e+01	 8.9505e+01	
 8.1159e+01	 8.9397e+01	
 8.1057e+01	 8.9296e+01	
 8.0956e+01	 8.9196e+01	
 8.0856e+01	 8.9107e+01	
 8.0755e+01	 8.9001e+01	
 8.0655e+01	 8.8902e+01	
 8.0555e+01	 8.8802e+01	
 8.0455e+01	 8.8704e+01	
 8.0356e+01	 8.8615e+01	
 8.0257e+01	 8.8512e+01	
 8.0157e+01	 8.8414e+01	
 8.0058e+01	 8.8320e+01	
 7.9959e+01	 8.8224e+01	
 7.9860e+01	 8.8129e+01	
 7.9761e+01	 8.8034e+01	
 7.9663e+01	 8.7940e+01	
 7.9565e+01	 8.7848e+01	
 7.9466e+01	 8.7753e+01	
 7.9368e+01	 8.7660e+01	
 7.9271e+01	 8.7565e+01	
 7.9173e+01	 8.7472e+01	
 7.9076e+01	 8.7378e+01	
 7.8979e+01	 8.7285e+01	
 7.8883e+01	 8.7194e+01	
 7.8787e+01	 8.7102e+01	
 7.8691e+01	 8.7010e+01	
 7.8595e+01	 8.6918e+01	
 7.8500e+01	 8.6826e+01	
 7.8404e+01	 8.6737e+01	
 7.8309e+01	 8.6649e+01	
 7.8213e+01	 8.6557e+01	
 7.8118e+01	 8.6466e+01	
 7.8022e+01	 8.6379e+01	
 7.7926e+01	 8.6289e+01	
 7.7831e+01	 8.6199e+01	
 7.7736e+01	 8.6110e+01	
 7.7642e+01	 8.6023e+01	
 7.7547e+01	 8.5935e+01	
 7.7453e+01	 8.5846e+01	
 7.7360e+01	 8.5760e+01	
 7.7266e+01	 8.5672e+01	
 7.7173e+01	 8.5586e+01	
 7.7080e+01	 8.5499e+01	
 7.6986e+01	 8.5414e+01	
 7.6893e+01	 8.5327e+01	
 7.6800e+01	 8.5240e+01	
 7.6708e+01	 8.5152e+01	
 7.6615e+01	 8.5067e+01	
 7.6523e+01	 8.4980e+01	
 7.6430e+01	 8.4892e+01	
 7.6338e+01	 8.4806e+01	
 7.6246e+01	 8.4722e+01	
 7.6154e+01	 8.4636e+01	
 7.6062e+01	 8.4549e+01	
 7.5970e+01	 8.4469e+01	
 7.5878e+01	 8.4386e+01	
 7.5786e+01	 8.4291e+01	
 7.5694e+01	 8.4203e+01	
 7.5603e+01	 8.4116e+01	
 7.5512e+01	 8.4029e+01	
 7.5422e+01	 8.3941e+01	
 7.5331e+01	 8.3856e+01	
 7.5241e+01	 8.3771e+01	
 7.5151e+01	 8.3685e+01	
 7.5061e+01	 8.3600e+01	
 7.4971e+01	 8.3518e+01	
 7.4881e+01	 8.3431e+01	
 7.4791e+01	 8.3345e+01	
 7.4701e+01	 8.3262e+01	
 7.4611e+01	 8.3177e+01	
 7.4521e+01	 8.3092e+01	
 7.4431e+01	 8.3007e+01	
 7.4342e+01	 8.2921e+01	
 7.4253e+01	 8.2839e+01	
 7.4164e+01	 8.2755e+01	
 7.4075e+01	 8.2672e+01	
 7.3986e+01	 8.2588e+01	
 7.3898e+01	 8.2504e+01	
 7.3809e+01	 8.2420e+01	
 7.3721e+01	 8.2337e+01	
 7.3632e+01	 8.2252e+01	
 7.3544e+01	 8.2173e+01	
 7.3456e+01	 8.2090e+01	
 7.3368e+01	 8.2009e+01	
 7.3280e+01	 8.1927e+01	
 7.3192e+01	 8.1844e+01	
 7.3104e+01	 8.1758e+01	
 7.3017e+01	 8.1674e+01	
 7.2930e+01	 8.1592e+01	
 7.2844e+01	 8.1509e+01	
 7.2757e+01	 8.1428e+01	
 7.2671e+01	 8.1347e+01	
 7.2585e+01	 8.1265e+01	
 7.2499e+01	 8.1183e+01	
 7.2414e+01	 8.1103e+01	
 7.2328e+01	 8.1019e+01	
 7.2244e+01	 8.0937e+01	
 7.2159e+01	 8.0847e+01	
 7.2075e+01	 8.0764e+01	
 7.1991e+01	 8.0682e+01	
 7.1907e+01	 8.0600e+01	
 7.1823e+01	 8.0518e+01	
 7.1740e+01	 8.0436e+01	
 7.1657e+01	 8.0355e+01	
 7.1574e+01	 8.0275e+01	
 7.1492e+01	 8.0195e+01	
 7.1410e+01	 8.0112e+01	
 7.1328e+01	 8.0032e+01	
 7.1246e+01	 7.9953e+01	
 7.1164e+01	 7.9873e+01	
 7.1083e+01	 7.9793e+01	
 7.1002e+01	 7.9713e+01	
 7.0921e+01	 7.9634e+01	
 7.0840e+01	 7.9557e+01	
 7.0759e+01	 7.9479e+01	
 7.0678e+01	 7.9395e+01	
 7.0598e+01	 7.9315e+01	
 7.0518e+01	 7.9237e+01	
 7.0438e+01	 7.9157e+01	
 7.0358e+01	 7.9077e+01	
 7.0278e+01	 7.8999e+01	
 7.0199e+01	 7.8923e+01	
 7.0119e+01	 7.8847e+01	
 7.0039e+01	 7.8769e+01	
 6.9960e+01	 7.8691e+01	
 6.9881e+01	 7.8613e+01	
 6.9802e+01	 7.8537e+01	
 6.9723e+01	 7.8459e+01	
 6.9645e+01	 7.8383e+01	
 6.9566e+01	 7.8306e+01	
 6.9488e+01	 7.8229e+01	
 6.9410e+01	 7.8156e+01	
 6.9332e+01	 7.8081e+01	
 6.9255e+01	 7.8005e+01	
 6.9177e+01	 7.7932e+01	
 6.9099e+01	 7.7858e+01	
 6.9022e+01	 7.7783e+01	
 6.8945e+01	 7.7710e+01	
 6.8867e+01	 7.7635e+01	
 6.8790e+01	 7.7558e+01	
 6.8713e+01	 7.7481e+01	
 6.8636e+01	 7.7405e+01	
 6.8559e+01	 7.7329e+01	
 6.8482e+01	 7.7252e+01	
 6.8405e+01	 7.7176e+01	
 6.8329e+01	 7.7100e+01	
 6.8252e+01	 7.7024e+01	
 6.8176e+01	 7.6950e+01	
 6.8100e+01	 7.6874e+01	
 6.8024e+01	 7.6798e+01	
 6.7947e+01	 7.6727e+01	
 6.7871e+01	 7.6657e+01	
 6.7794e+01	 7.6583e+01	
 6.7718e+01	 7.6508e+01	
 6.7641e+01	 7.6425e+01	
 6.7565e+01	 7.6348e+01	
 6.7489e+01	 7.6271e+01	
 6.7413e+01	 7.6195e+01	
 6.7337e+01	 7.6116e+01	
 6.7262e+01	 7.6039e+01	
 6.7186e+01	 7.5963e+01	
 6.7111e+01	 7.5888e+01	
 6.7035e+01	 7.5813e+01	
 6.6960e+01	 7.5738e+01	
 6.6886e+01	 7.5662e+01	
 6.6811e+01	 7.5588e+01	
 6.6737e+01	 7.5514e+01	
 6.6663e+01	 7.5440e+01	
 6.6589e+01	 7.5366e+01	
 6.6515e+01	 7.5293e+01	
 6.6441e+01	 7.5219e+01	
 6.6368e+01	 7.5145e+01	
 6.6294e+01	 7.5074e+01	
 6.6221e+01	 7.5001e+01	
 6.6147e+01	 7.4928e+01	
 6.6074e+01	 7.4859e+01	
 6.6001e+01	 7.4789e+01	
 6.5928e+01	 7.4717e+01	
 6.5855e+01	 7.4644e+01	
 6.5782e+01	 7.4566e+01	
 6.5710e+01	 7.4501e+01	
 6.5637e+01	 7.4426e+01	
 6.5565e+01	 7.4362e+01	
 6.5492e+01	 7.4284e+01	
 6.5420e+01	 7.4220e+01	
 6.5348e+01	 7.4143e+01	
 6.5276e+01	 7.4082e+01	
 6.5205e+01	 7.4005e+01	
 6.5134e+01	 7.3936e+01	
 6.5063e+01	 7.3866e+01	
 6.4992e+01	 7.3795e+01	
 6.4922e+01	 7.3725e+01	
 6.4851e+01	 7.3656e+01	
 6.4781e+01	 7.3586e+01	
 6.4712e+01	 7.3518e+01	
 6.4642e+01	 7.3451e+01	
 6.4572e+01	 7.3382e+01	
 6.4501e+01	 7.3314e+01	
 6.4432e+01	 7.3242e+01	
 6.4362e+01	 7.3174e+01	
 6.4292e+01	 7.3107e+01	
 6.4223e+01	 7.3039e+01	
 6.4154e+01	 7.2973e+01	
 6.4085e+01	 7.2907e+01	
 6.4016e+01	 7.2841e+01	
 6.3947e+01	 7.2774e+01	
 6.3878e+01	 7.2707e+01	
 6.3809e+01	 7.2640e+01	
 6.3740e+01	 7.2574e+01	
 6.3672e+01	 7.2507e+01	
 6.3603e+01	 7.2441e+01	
 6.3535e+01	 7.2376e+01	
 6.3467e+01	 7.2310e+01	
 6.3399e+01	 7.2244e+01	
 6.3331e+01	 7.2177e+01	
 6.3263e+01	 7.2110e+01	
 6.3195e+01	 7.2044e+01	
 6.3128e+01	 7.1981e+01	
 6.3060e+01	 7.1915e+01	
 6.2993e+01	 7.1849e+01	
 6.2925e+01	 7.1783e+01	
 6.2858e+01	 7.1717e+01	
 6.2792e+01	 7.1645e+01	
 6.2725e+01	 7.1588e+01	
 6.2658e+01	 7.1514e+01	
 6.2591e+01	 7.1453e+01	
 6.2524e+01	 7.1389e+01	
 6.2457e+01	 7.1334e+01	
 6.2390e+01	 7.1262e+01	
 6.2323e+01	 7.1196e+01	
 6.2256e+01	 7.1133e+01	
 6.2189e+01	 7.1068e+01	
 6.2122e+01	 7.1012e+01	
 6.2055e+01	 7.0938e+01	
 6.1988e+01	 7.0875e+01	
 6.1921e+01	 7.0809e+01	
 6.1854e+01	 7.0743e+01	
 6.1787e+01	 7.0677e+01	
 6.1720e+01	 7.0612e+01	
 6.1654e+01	 7.0547e+01	
 6.1587e+01	 7.0483e+01	
 6.1521e+01	 7.0417e+01	
 6.1454e+01	 7.0355e+01	
 6.1388e+01	 7.0292e+01	
 6.1321e+01	 7.0227e+01	
 6.1254e+01	 7.0166e+01	
 6.1187e+01	 7.0101e+01	
 6.1121e+01	 7.0036e+01	
 6.1055e+01	 6.9970e+01	
 6.0989e+01	 6.9903e+01	
 6.0923e+01	 6.9836e+01	
 6.0857e+01	 6.9770e+01	
 6.0791e+01	 6.9703e+01	
 6.0726e+01	 6.9637e+01	
 6.0661e+01	 6.9571e+01	
 6.0596e+01	 6.9507e+01	
 6.0530e+01	 6.9445e+01	
 6.0465e+01	 6.9380e+01	
 6.0399e+01	 6.9314e+01	
 6.0334e+01	 6.9248e+01	
 6.0269e+01	 6.9183e+01	
 6.0204e+01	 6.9119e+01	
 6.0139e+01	 6.9055e+01	
 6.0075e+01	 6.8991e+01	
 6.0010e+01	 6.8935e+01	
 5.9944e+01	 6.8868e+01	
 5.9879e+01	 6.8804e+01	
 5.9813e+01	 6.8737e+01	
 5.9748e+01	 6.8675e+01	
 5.9683e+01	 6.8608e+01	
 5.9618e+01	 6.8544e+01	
 5.9554e+01	 6.8481e+01	
 5.9489e+01	 6.8413e+01	
 5.9425e+01	 6.8352e+01	
 5.9361e+01	 6.8288e+01	
 5.9297e+01	 6.8225e+01	
 5.9234e+01	 6.8164e+01	
 5.9169e+01	 6.8102e+01	
 5.9105e+01	 6.8043e+01	
 5.9041e+01	 6.7981e+01	
 5.8977e+01	 6.7920e+01	
 5.8914e+01	 6.7858e+01	
 5.8851e+01	 6.7800e+01	
 5.8787e+01	 6.7736e+01	
 5.8724e+01	 6.7676e+01	
 5.8661e+01	 6.7614e+01	
 5.8599e+01	 6.7550e+01	
 5.8536e+01	 6.7486e+01	
 5.8473e+01	 6.7423e+01	
 5.8411e+01	 6.7362e+01	
 5.8349e+01	 6.7303e+01	
 5.8286e+01	 6.7244e+01	
 5.8224e+01	 6.7184e+01	
 5.8162e+01	 6.7123e+01	
 5.8099e+01	 6.7063e+01	
 5.8037e+01	 6.7002e+01	
 5.7975e+01	 6.6943e+01	
 5.7913e+01	 6.6882e+01	
 5.7851e+01	 6.6820e+01	
 5.7789e+01	 6.6760e+01	
 5.7727e+01	 6.6700e+01	
 5.7666e+01	 6.6639e+01	
 5.7605e+01	 6.6581e+01	
 5.7544e+01	 6.6520e+01	
 5.7483e+01	 6.6459e+01	
 5.7422e+01	 6.6399e+01	
 5.7361e+01	 6.6338e+01	
 5.7301e+01	 6.6278e+01	
 5.7241e+01	 6.6218e+01	
 5.7181e+01	 6.6159e+01	
 5.7121e+01	 6.6098e+01	
 5.7061e+01	 6.6037e+01	
 5.7001e+01	 6.5978e+01	
 5.6942e+01	 6.5917e+01	
 5.6883e+01	 6.5856e+01	
 5.6823e+01	 6.5787e+01	
 5.6765e+01	 6.5733e+01	
 5.6706e+01	 6.5665e+01	
 5.6648e+01	 6.5604e+01	
 5.6590e+01	 6.5543e+01	
 5.6532e+01	 6.5483e+01	
 5.6474e+01	 6.5423e+01	
 5.6417e+01	 6.5363e+01	
 5.6359e+01	 6.5304e+01	
 5.6302e+01	 6.5245e+01	
 5.6246e+01	 6.5186e+01	
 5.6189e+01	 6.5127e+01	
 5.6132e+01	 6.5067e+01	
 5.6075e+01	 6.5009e+01	
 5.6019e+01	 6.4950e+01	
 5.5963e+01	 6.4892e+01	
 5.5907e+01	 6.4832e+01	
 5.5851e+01	 6.4775e+01	
 5.5795e+01	 6.4717e+01	
 5.5740e+01	 6.4659e+01	
 5.5685e+01	 6.4601e+01	
 5.5630e+01	 6.4544e+01	
 5.5575e+01	 6.4487e+01	
 5.5521e+01	 6.4430e+01	
 5.5466e+01	 6.4373e+01	
 5.5412e+01	 6.4317e+01	
 5.5358e+01	 6.4260e+01	
 5.5304e+01	 6.4203e+01	
 5.5250e+01	 6.4147e+01	
 5.5197e+01	 6.4091e+01	
 5.5143e+01	 6.4036e+01	
 5.5090e+01	 6.3981e+01	
 5.5037e+01	 6.3925e+01	
 5.4984e+01	 6.3872e+01	
 5.4932e+01	 6.3818e+01	
 5.4880e+01	 6.3763e+01	
 5.4828e+01	 6.3710e+01	
 5.4776e+01	 6.3657e+01	
 5.4725e+01	 6.3604e+01	
 5.4673e+01	 6.3551e+01	
 5.4622e+01	 6.3499e+01	
 5.4571e+01	 6.3448e+01	
 5.4520e+01	 6.3396e+01	
 5.4470e+01	 6.3343e+01	
 5.4419e+01	 6.3292e+01	
 5.4368e+01	 6.3243e+01	
 5.4317e+01	 6.3191e+01	
 5.4267e+01	 6.3136e+01	
 5.4216e+01	 6.3087e+01	
 5.4166e+01	 6.3034e+01	
 5.4115e+01	 6.2983e+01	
 5.4064e+01	 6.2932e+01	
 5.4014e+01	 6.2880e+01	
 5.3963e+01	 6.2830e+01	
 5.3913e+01	 6.2781e+01	
 5.3862e+01	 6.2730e+01	
 5.3812e+01	 6.2680e+01	
 5.3762e+01	 6.2634e+01	
 5.3712e+01	 6.2588e+01	
 5.3662e+01	 6.2540e+01	
 5.3612e+01	 6.2491e+01	
 5.3562e+01	 6.2443e+01	
 5.3511e+01	 6.2396e+01	
 5.3461e+01	 6.2345e+01	
 5.3411e+01	 6.2295e+01	
 5.3361e+01	 6.2244e+01	
 5.3312e+01	 6.2194e+01	
 5.3262e+01	 6.2144e+01	
 5.3212e+01	 6.2093e+01	
 5.3163e+01	 6.2047e+01	
 5.3113e+01	 6.1999e+01	
 5.3063e+01	 6.1949e+01	
 5.3014e+01	 6.1900e+01	
 5.2964e+01	 6.1852e+01	
 5.2915e+01	 6.1803e+01	
 5.2866e+01	 6.1755e+01	
 5.2817e+01	 6.1709e+01	
 5.2769e+01	 6.1661e+01	
 5.2720e+01	 6.1615e+01	
 5.2671e+01	 6.1568e+01	
 5.2623e+01	 6.1520e+01	
 5.2575e+01	 6.1472e+01	
 5.2526e+01	 6.1416e+01	
 5.2478e+01	 6.1368e+01	
 5.2430e+01	 6.1332e+01	
 5.2382e+01	 6.1276e+01	
 5.2333e+01	 6.1227e+01	
 5.2285e+01	 6.1189e+01	
 5.2237e+01	 6.1130e+01	
 5.2189e+01	 6.1084e+01	
 5.2142e+01	 6.1035e+01	
 5.2095e+01	 6.0988e+01	
 5.2048e+01	 6.0952e+01	
 5.2001e+01	 6.0894e+01	
 5.1955e+01	 6.0850e+01	
 5.1908e+01	 6.0804e+01	
 5.1861e+01	 6.0760e+01	
 5.1814e+01	 6.0712e+01	
 5.1768e+01	 6.0664e+01	
 5.1722e+01	 6.0628e+01	
 5.1675e+01	 6.0569e+01	
 5.1629e+01	 6.0524e+01	
 5.1583e+01	 6.0476e+01	
 5.1537e+01	 6.0428e+01	
 5.1491e+01	 6.0380e+01	
 5.1445e+01	 6.0334e+01	
 5.1399e+01	 6.0287e+01	
 5.1353e+01	 6.0239e+01	
 5.1307e+01	 6.0195e+01	
 5.1262e+01	 6.0148e+01	
 5.1216e+01	 6.0104e+01	
 5.1171e+01	 6.0059e+01	
 5.1126e+01	 6.0012e+01	
 5.1081e+01	 5.9966e+01	
 5.1036e+01	 5.9921e+01	
 5.0992e+01	 5.9875e+01	
 5.0948e+01	 5.9833e+01	
 5.0903e+01	 5.9786e+01	
 5.0859e+01	 5.9742e+01	
 5.0814e+01	 5.9697e+01	
 5.0770e+01	 5.9652e+01	
 5.0727e+01	 5.9607e+01	
 5.0683e+01	 5.9563e+01	
 5.0639e+01	 5.9519e+01	
 5.0595e+01	 5.9475e+01	
 5.0552e+01	 5.9430e+01	
 5.0509e+01	 5.9387e+01	
 5.0465e+01	 5.9341e+01	
 5.0422e+01	 5.9296e+01	
 5.0379e+01	 5.9252e+01	
 5.0336e+01	 5.9207e+01	
 5.0294e+01	 5.9163e+01	
 5.0252e+01	 5.9118e+01	
 5.0209e+01	 5.9073e+01	
 5.0167e+01	 5.9030e+01	
 5.0126e+01	 5.8987e+01	
 5.0084e+01	 5.8944e+01	
 5.0043e+01	 5.8905e+01	
 5.0002e+01	 5.8873e+01	
 4.9961e+01	 5.8822e+01	
 4.9920e+01	 5.8781e+01	
 4.9879e+01	 5.8740e+01	
 4.9838e+01	 5.8700e+01	
 4.9798e+01	 5.8659e+01	
 4.9757e+01	 5.8617e+01	
 4.9717e+01	 5.8574e+01	
 4.9676e+01	 5.8533e+01	
 4.9636e+01	 5.8502e+01	
 4.9596e+01	 5.8450e+01	
 4.9557e+01	 5.8411e+01	
 4.9517e+01	 5.8371e+01	
 4.9478e+01	 5.8331e+01	
 4.9438e+01	 5.8291e+01	
 4.9400e+01	 5.8253e+01	
 4.9361e+01	 5.8214e+01	
 4.9322e+01	 5.8174e+01	
 4.9283e+01	 5.8136e+01	
 4.9244e+01	 5.8096e+01	
 4.9205e+01	 5.8056e+01	
 4.9167e+01	 5.8016e+01	
 4.9129e+01	 5.7976e+01	
 4.9091e+01	 5.7937e+01	
 4.9053e+01	 5.7898e+01	
 4.9016e+01	 5.7859e+01	
 4.8978e+01	 5.7821e+01	
 4.8941e+01	 5.7783e+01	
 4.8904e+01	 5.7745e+01	
 4.8867e+01	 5.7707e+01	
 4.8830e+01	 5.7670e+01	
 4.8793e+01	 5.7633e+01	
 4.8757e+01	 5.7595e+01	
 4.8720e+01	 5.7558e+01	
 4.8684e+01	 5.7520e+01	
 4.8648e+01	 5.7483e+01	
 4.8612e+01	 5.7446e+01	
 4.8575e+01	 5.7410e+01	
 4.8540e+01	 5.7372e+01	
 4.8504e+01	 5.7338e+01	
 4.8468e+01	 5.7304e+01	
 4.8432e+01	 5.7267e+01	
 4.8397e+01	 5.7230e+01	
 4.8362e+01	 5.7193e+01	
 4.8326e+01	 5.7158e+01	
 4.8291e+01	 5.7121e+01	
 4.8255e+01	 5.7087e+01	
 4.8220e+01	 5.7049e+01	
 4.8185e+01	 5.7013e+01	
 4.8150e+01	 5.6978e+01	
 4.8115e+01	 5.6936e+01	
 4.8081e+01	 5.6901e+01	
 4.8046e+01	 5.6863e+01	
 4.8011e+01	 5.6828e+01	
 4.7976e+01	 5.6792e+01	
 4.7941e+01	 5.6757e+01	
 4.7906e+01	 5.6724e+01	
 4.7872e+01	 5.6687e+01	
 4.7838e+01	 5.6654e+01	
 4.7803e+01	 5.6619e+01	
 4.7769e+01	 5.6584e+01	
 4.7735e+01	 5.6549e+01	
 4.7702e+01	 5.6516e+01	
 4.7668e+01	 5.6484e+01	
 4.7634e+01	 5.6448e+01	
 4.7600e+01	 5.6413e+01	
 4.7566e+01	 5.6380e+01	
 4.7533e+01	 5.6344e+01	
 4.7499e+01	 5.6308e+01	
 4.7465e+01	 5.6272e+01	
 4.7432e+01	 5.6236e+01	
 4.7399e+01	 5.6199e+01	
 4.7366e+01	 5.6165e+01	
 4.7332e+01	 5.6127e+01	
 4.7299e+01	 5.6091e+01	
 4.7265e+01	 5.6054e+01	
 4.7232e+01	 5.6019e+01	
 4.7199e+01	 5.5982e+01	
 4.7166e+01	 5.5946e+01	
 4.7133e+01	 5.5910e+01	
 4.7101e+01	 5.5876e+01	
 4.7069e+01	 5.5835e+01	
 4.7036e+01	 5.5805e+01	
 4.7004e+01	 5.5771e+01	
 4.6972e+01	 5.5731e+01	
 4.6940e+01	 5.5700e+01	
 4.6908e+01	 5.5666e+01	
 4.6876e+01	 5.5626e+01	
 4.6845e+01	 5.5592e+01	
 4.6813e+01	 5.5563e+01	
 4.6782e+01	 5.5525e+01	
 4.6751e+01	 5.5491e+01	
 4.6719e+01	 5.5457e+01	
 4.6688e+01	 5.5425e+01	
 4.6657e+01	 5.5390e+01	
 4.6626e+01	 5.5354e+01	
 4.6595e+01	 5.5319e+01	
 4.6565e+01	 5.5285e+01	
 4.6534e+01	 5.5252e+01	
 4.6503e+01	 5.5218e+01	
 4.6473e+01	 5.5185e+01	
 4.6442e+01	 5.5150e+01	
 4.6412e+01	 5.5116e+01	
 4.6382e+01	 5.5082e+01	
 4.6352e+01	 5.5048e+01	
 4.6322e+01	 5.5016e+01	
 4.6292e+01	 5.4983e+01	
 4.6262e+01	 5.4948e+01	
 4.6233e+01	 5.4915e+01	
 4.6203e+01	 5.4882e+01	
 4.6174e+01	 5.4849e+01	
 4.6145e+01	 5.4817e+01	
 4.6116e+01	 5.4785e+01	
 4.6087e+01	 5.4753e+01	
 4.6058e+01	 5.4722e+01	
 4.6030e+01	 5.4693e+01	
 4.6001e+01	 5.4664e+01	
 4.5973e+01	 5.4633e+01	
 4.5944e+01	 5.4604e+01	
 4.5916e+01	 5.4574e+01	
 4.5887e+01	 5.4543e+01	
 4.5859e+01	 5.4512e+01	
 4.5831e+01	 5.4481e+01	
 4.5803e+01	 5.4451e+01	
 4.5775e+01	 5.4422e+01	
 4.5747e+01	 5.4393e+01	
 4.5718e+01	 5.4365e+01	
 4.5690e+01	 5.4335e+01	
 4.5662e+01	 5.4305e+01	
 4.5634e+01	 5.4275e+01	
 4.5607e+01	 5.4245e+01	
 4.5579e+01	 5.4216e+01	
 4.5551e+01	 5.4186e+01	
 4.5523e+01	 5.4157e+01	
 4.5496e+01	 5.4129e+01	
 4.5468e+01	 5.4100e+01	
 4.5440e+01	 5.4072e+01	
 4.5413e+01	 5.4044e+01	
 4.5385e+01	 5.4014e+01	
 4.5358e+01	 5.3987e+01	
 4.5331e+01	 5.3958e+01	
 4.5304e+01	 5.3929e+01	
 4.5277e+01	 5.3900e+01	
 4.5250e+01	 5.3871e+01	
 4.5223e+01	 5.3845e+01	
 4.5196e+01	 5.3815e+01	
 4.5169e+01	 5.3786e+01	
 4.5142e+01	 5.3759e+01	
 4.5114e+01	 5.3730e+01	
 4.5087e+01	 5.3701e+01	
 4.5060e+01	 5.3675e+01	
 4.5033e+01	 5.3647e+01	
 4.5006e+01	 5.3618e+01	
 4.4979e+01	 5.3590e+01	
 4.4953e+01	 5.3555e+01	
 4.4926e+01	 5.3534e+01	
 4.4899e+01	 5.3505e+01	
 4.4873e+01	 5.3468e+01	
 4.4846e+01	 5.3449e+01	
 4.4819e+01	 5.3418e+01	
 4.4792e+01	 5.3383e+01	
 4.4766e+01	 5.3362e+01	
 4.4739e+01	 5.3333e+01	
 4.4713e+01	 5.3306e+01	
 4.4687e+01	 5.3279e+01	
 4.4660e+01	 5.3252e+01	
 4.4634e+01	 5.3225e+01	
 4.4608e+01	 5.3197e+01	
 4.4582e+01	 5.3170e+01	
 4.4556e+01	 5.3143e+01	
 4.4530e+01	 5.3108e+01	
 4.4504e+01	 5.3089e+01	
 4.4477e+01	 5.3060e+01	
 4.4451e+01	 5.3033e+01	
 4.4425e+01	 5.3006e+01	
 4.4399e+01	 5.2980e+01	
 4.4374e+01	 5.2953e+01	
 4.4348e+01	 5.2919e+01	
 4.4322e+01	 5.2900e+01	
 4.4296e+01	 5.2876e+01	
 4.4270e+01	 5.2849e+01	
 4.4244e+01	 5.2814e+01	
 4.4219e+01	 5.2796e+01	
 4.4193e+01	 5.2761e+01	
 4.4168e+01	 5.2744e+01	
 4.4142e+01	 5.2708e+01	
 4.4117e+01	 5.2691e+01	
 4.4092e+01	 5.2657e+01	
 4.4067e+01	 5.2640e+01	
 4.4042e+01	 5.2604e+01	
 4.4017e+01	 5.2588e+01	
 4.3993e+01	 5.2561e+01	
 4.3968e+01	 5.2527e+01	
 4.3943e+01	 5.2511e+01	
 4.3918e+01	 5.2476e+01	
 4.3894e+01	 5.2462e+01	
 4.3869e+01	 5.2428e+01	
 4.3845e+01	 5.2415e+01	
 4.3820e+01	 5.2382e+01	
 4.3796e+01	 5.2358e+01	
 4.3771e+01	 5.2333e+01	
 4.3746e+01	 5.2309e+01	
 4.3722e+01	 5.2284e+01	
 4.3697e+01	 5.2259e+01	
 4.3672e+01	 5.2235e+01	
 4.3647e+01	 5.2211e+01	
 4.3622e+01	 5.2187e+01	
 4.3597e+01	 5.2170e+01	
 4.3573e+01	 5.2144e+01	
 4.3548e+01	 5.2121e+01	
 4.3523e+01	 5.2096e+01	
 4.3499e+01	 5.2072e+01	
 4.3474e+01	 5.2048e+01	
 4.3450e+01	 5.2024e+01	
 4.3426e+01	 5.2001e+01	
 4.3401e+01	 5.1976e+01	
 4.3377e+01	 5.1952e+01	
 4.3353e+01	 5.1929e+01	
 4.3329e+01	 5.1902e+01	
 4.3305e+01	 5.1886e+01	
 4.3281e+01	 5.1855e+01	
 4.3257e+01	 5.1841e+01	
 4.3233e+01	 5.1809e+01	
 4.3209e+01	 5.1797e+01	
 4.3186e+01	 5.1773e+01	
 4.3162e+01	 5.1744e+01	
 4.3139e+01	 5.1731e+01	
 4.3115e+01	 5.1698e+01	
 4.3092e+01	 5.1685e+01	
 4.3069e+01	 5.1661e+01	
 4.3046e+01	 5.1631e+01	
 4.3023e+01	 5.1618e+01	
 4.2999e+01	 5.1594e+01	
 4.2977e+01	 5.1565e+01	
 4.2954e+01	 5.1552e+01	
 4.2931e+01	 5.1527e+01	
 4.2908e+01	 5.1497e+01	
 4.2885e+01	 5.1484e+01	
 4.2862e+01	 5.1463e+01	
 4.2840e+01	 5.1434e+01	
 4.2817e+01	 5.1421e+01	
 4.2795e+01	 5.1390e+01	
 4.2772e+01	 5.1378e+01	
 4.2750e+01	 5.1347e+01	
 4.2728e+01	 5.1327e+01	
 4.2705e+01	 5.1314e+01	
 4.2683e+01	 5.1284e+01	
 4.2660e+01	 5.1272e+01	
 4.2637e+01	 5.1240e+01	
 4.2615e+01	 5.1229e+01	
 4.2592e+01	 5.1198e+01	
 4.2569e+01	 5.1186e+01	
 4.2547e+01	 5.1155e+01	
 4.2524e+01	 5.1144e+01	
 4.2502e+01	 5.1113e+01	
 4.2479e+01	 5.1103e+01	
 4.2457e+01	 5.1080e+01	
 4.2434e+01	 5.1053e+01	
 4.2412e+01	 5.1041e+01	
 4.2389e+01	 5.1011e+01	
 4.2367e+01	 5.0999e+01	
 4.2344e+01	 5.0977e+01	
 4.2322e+01	 5.0950e+01	
 4.2299e+01	 5.0939e+01	
 4.2277e+01	 5.0909e+01	
 4.2254e+01	 5.0899e+01	
 4.2232e+01	 5.0878e+01	
 4.2210e+01	 5.0852e+01	
 4.2187e+01	 5.0838e+01	
 4.2165e+01	 5.0815e+01	
 4.2143e+01	 5.0786e+01	
 4.2121e+01	 5.0773e+01	
 4.2098e+01	 5.0749e+01	
 4.2077e+01	 5.0721e+01	
 4.2055e+01	 5.0708e+01	
 4.2034e+01	 5.0684e+01	
 4.2012e+01	 5.0664e+01	
 4.1991e+01	 5.0642e+01	
 4.1970e+01	 5.0621e+01	
 4.1949e+01	 5.0592e+01	
 4.1928e+01	 5.0581e+01	
 4.1908e+01	 5.0558e+01	
 4.1887e+01	 5.0539e+01	
 4.1866e+01	 5.0517e+01	
 4.1846e+01	 5.0497e+01	
 4.1826e+01	 5.0476e+01	
 4.1805e+01	 5.0456e+01	
 4.1785e+01	 5.0437e+01	
 4.1765e+01	 5.0416e+01	
 4.1745e+01	 5.0396e+01	
 4.1725e+01	 5.0377e+01	
 4.1705e+01	 5.0357e+01	
 4.1686e+01	 5.0338e+01	
 4.1666e+01	 5.0318e+01	
 4.1646e+01	 5.0299e+01	
 4.1626e+01	 5.0280e+01	
 4.1607e+01	 5.0261e+01	
 4.1587e+01	 5.0242e+01	
 4.1568e+01	 5.0223e+01	
 4.1549e+01	 5.0204e+01	
 4.1530e+01	 5.0185e+01	
 4.1511e+01	 5.0167e+01	
 4.1492e+01	 5.0148e+01	
 4.1473e+01	 5.0130e+01	
 4.1454e+01	 5.0111e+01	
 4.1435e+01	 5.0093e+01	
 4.1417e+01	 5.0075e+01	
 4.1398e+01	 5.0057e+01	
 4.1380e+01	 5.0039e+01	
 4.1361e+01	 5.0021e+01	
 4.1343e+01	 5.0003e+01	
 4.1324e+01	 4.9985e+01	
 4.1306e+01	 4.9967e+01	
 4.1287e+01	 4.9950e+01	
 4.1269e+01	 4.9932e+01	
 4.1251e+01	 4.9914e+01	
 4.1232e+01	 4.9896e+01	
 4.1214e+01	 4.9879e+01	
 4.1196e+01	 4.9861e+01	
 4.1178e+01	 4.9843e+01	
 4.1159e+01	 4.9827e+01	
 4.1141e+01	 4.9810e+01	
 4.1123e+01	 4.9793e+01	
 4.1105e+01	 4.9776e+01	
 4.1087e+01	 4.9759e+01	
 4.1069e+01	 4.9742e+01	
 4.1051e+01	 4.9726e+01	
 4.1033e+01	 4.9709e+01	
 4.1015e+01	 4.9692e+01	
 4.0998e+01	 4.9675e+01	
 4.0980e+01	 4.9659e+01	
 4.0962e+01	 4.9643e+01	
 4.0945e+01	 4.9626e+01	
 4.0928e+01	 4.9609e+01	
 4.0911e+01	 4.9592e+01	
 4.0893e+01	 4.9575e+01	
 4.0876e+01	 4.9559e+01	
 4.0859e+01	 4.9542e+01	
 4.0842e+01	 4.9523e+01	
 4.0826e+01	 4.9506e+01	
 4.0809e+01	 4.9490e+01	
 4.0792e+01	 4.9472e+01	
 4.0776e+01	 4.9455e+01	
 4.0759e+01	 4.9441e+01	
 4.0742e+01	 4.9424e+01	
 4.0726e+01	 4.9408e+01	
 4.0709e+01	 4.9390e+01	
 4.0692e+01	 4.9375e+01	
 4.0676e+01	 4.9359e+01	
 4.0659e+01	 4.9342e+01	
 4.0642e+01	 4.9326e+01	
 4.0626e+01	 4.9308e+01	
 4.0609e+01	 4.9290e+01	
 4.0593e+01	 4.9278e+01	
 4.0577e+01	 4.9261e+01	
 4.0560e+01	 4.9245e+01	
 4.0544e+01	 4.9228e+01	
 4.0528e+01	 4.9212e+01	
 4.0512e+01	 4.9195e+01	
 4.0496e+01	 4.9180e+01	
 4.0480e+01	 4.9163e+01	
 4.0464e+01	 4.9147e+01	
 4.0448e+01	 4.9131e+01	
 4.0433e+01	 4.9114e+01	
 4.0417e+01	 4.9098e+01	
 4.0401e+01	 4.9082e+01	
 4.0386e+01	 4.9066e+01	
 4.0370e+01	 4.9048e+01	
 4.0355e+01	 4.9033e+01	
 4.0339e+01	 4.9016e+01	
 4.0324e+01	 4.9001e+01	
 4.0308e+01	 4.8984e+01	
 4.0293e+01	 4.8968e+01	
 4.0277e+01	 4.8951e+01	
 4.0262e+01	 4.8935e+01	
 4.0247e+01	 4.8919e+01	
 4.0231e+01	 4.8903e+01	
 4.0216e+01	 4.8887e+01	
 4.0201e+01	 4.8872e+01	
 4.0185e+01	 4.8856e+01	
 4.0170e+01	 4.8841e+01	
 4.0155e+01	 4.8825e+01	
 4.0140e+01	 4.8810e+01	
 4.0125e+01	 4.8794e+01	
 4.0110e+01	 4.8779e+01	
 4.0095e+01	 4.8764e+01	
 4.0080e+01	 4.8749e+01	
 4.0065e+01	 4.8734e+01	
 4.0050e+01	 4.8719e+01	
 4.0036e+01	 4.8704e+01	
 4.0021e+01	 4.8689e+01	
 4.0007e+01	 4.8675e+01	
 3.9992e+01	 4.8660e+01	
 3.9978e+01	 4.8645e+01	
 3.9963e+01	 4.8631e+01	
 3.9949e+01	 4.8619e+01	
 3.9934e+01	 4.8604e+01	
 3.9920e+01	 4.8590e+01	
 3.9906e+01	 4.8576e+01	
 3.9892e+01	 4.8562e+01	
 3.9878e+01	 4.8547e+01	
 3.9863e+01	 4.8533e+01	
 3.9849e+01	 4.8519e+01	
 3.9835e+01	 4.8505e+01	
 3.9821e+01	 4.8492e+01	
 3.9807e+01	 4.8479e+01	
 3.9793e+01	 4.8465e+01	
 3.9780e+01	 4.8451e+01	
 3.9766e+01	 4.8437e+01	
 3.9752e+01	 4.8423e+01	
 3.9738e+01	 4.8410e+01	
 3.9725e+01	 4.8396e+01	
 3.9711e+01	 4.8382e+01	
 3.9698e+01	 4.8370e+01	
 3.9684e+01	 4.8355e+01	
 3.9670e+01	 4.8342e+01	
 3.9657e+01	 4.8328e+01	
 3.9643e+01	 4.8315e+01	
 3.9630e+01	 4.8302e+01	
 3.9617e+01	 4.8289e+01	
 3.9603e+01	 4.8275e+01	
 3.9590e+01	 4.8261e+01	
 3.9577e+01	 4.8248e+01	
 3.9563e+01	 4.8236e+01	
 3.9550e+01	 4.8223e+01	
 3.9537e+01	 4.8210e+01	
 3.9524e+01	 4.8196e+01	
 3.9511e+01	 4.8183e+01	
 3.9498e+01	 4.8171e+01	
 3.9485e+01	 4.8154e+01	
 3.9472e+01	 4.8146e+01	
 3.9458e+01	 4.8132e+01	
 3.9446e+01	 4.8116e+01	
 3.9433e+01	 4.8111e+01	
